0 info it worked if it ends with ok
1 verbose cli [ '/usr/bin/nodejs',
1 verbose cli   '/usr/bin/npm',
1 verbose cli   'run',
1 verbose cli   'ionic:serve',
1 verbose cli   '--',
1 verbose cli   '--a',
1 verbose cli   '--n',
1 verbose cli   '--i',
1 verbose cli   '--v',
1 verbose cli   '--e',
1 verbose cli   '--v2',
1 verbose cli   '--livereload-port',
1 verbose cli   '1024',
1 verbose cli   '--nolivereload',
1 verbose cli   '|-d',
1 verbose cli   '--browseroption',
1 verbose cli   '--lab',
1 verbose cli   '--address',
1 verbose cli   '0.0.0.0',
1 verbose cli   '--port',
1 verbose cli   '8100' ]
2 info using npm@3.5.2
3 info using node@v4.2.6
4 verbose run-script [ 'preionic:serve', 'ionic:serve', 'postionic:serve' ]
5 info lifecycle ionic-hello-world@~preionic:serve: ionic-hello-world@
6 silly lifecycle ionic-hello-world@~preionic:serve: no script for preionic:serve, continuing
7 info lifecycle ionic-hello-world@~ionic:serve: ionic-hello-world@
8 verbose lifecycle ionic-hello-world@~ionic:serve: unsafe-perm in lifecycle true
9 verbose lifecycle ionic-hello-world@~ionic:serve: PATH: /usr/share/npm/bin/node-gyp-bin:/home/james/projects/treasureSnap/node_modules/.bin:/usr/local/sbin:/usr/local/bin:/usr/sbin:/usr/bin:/sbin:/bin:/usr/games:/usr/local/games:/snap/bin
10 verbose lifecycle ionic-hello-world@~ionic:serve: CWD: /home/james/projects/treasureSnap
11 silly lifecycle ionic-hello-world@~ionic:serve: Args: [ '-c',
11 silly lifecycle   'ionic-app-scripts serve "--a" "--n" "--i" "--v" "--e" "--v2" "--livereload-port" "1024" "--nolivereload" "|-d" "--browseroption" "--lab" "--address" "0.0.0.0" "--port" "8100"' ]
12 silly lifecycle ionic-hello-world@~ionic:serve: Returned: code: 1  signal: null
13 info lifecycle ionic-hello-world@~ionic:serve: Failed to exec ionic:serve script
14 verbose stack Error: ionic-hello-world@ ionic:serve: `ionic-app-scripts serve "--a" "--n" "--i" "--v" "--e" "--v2" "--livereload-port" "1024" "--nolivereload" "|-d" "--browseroption" "--lab" "--address" "0.0.0.0" "--port" "8100"`
14 verbose stack Exit status 1
14 verbose stack     at EventEmitter.<anonymous> (/usr/share/npm/lib/utils/lifecycle.js:232:16)
14 verbose stack     at emitTwo (events.js:87:13)
14 verbose stack     at EventEmitter.emit (events.js:172:7)
14 verbose stack     at ChildProcess.<anonymous> (/usr/share/npm/lib/utils/spawn.js:24:14)
14 verbose stack     at emitTwo (events.js:87:13)
14 verbose stack     at ChildProcess.emit (events.js:172:7)
14 verbose stack     at maybeClose (internal/child_process.js:821:16)
14 verbose stack     at Process.ChildProcess._handle.onexit (internal/child_process.js:211:5)
15 verbose pkgid ionic-hello-world@
16 verbose cwd /home/james/projects/treasureSnap
17 error Linux 4.4.0-59-generic
18 error argv "/usr/bin/nodejs" "/usr/bin/npm" "run" "ionic:serve" "--" "--a" "--n" "--i" "--v" "--e" "--v2" "--livereload-port" "1024" "--nolivereload" "|-d" "--browseroption" "--lab" "--address" "0.0.0.0" "--port" "8100"
19 error node v4.2.6
20 error npm  v3.5.2
21 error code ELIFECYCLE
22 error ionic-hello-world@ ionic:serve: `ionic-app-scripts serve "--a" "--n" "--i" "--v" "--e" "--v2" "--livereload-port" "1024" "--nolivereload" "|-d" "--browseroption" "--lab" "--address" "0.0.0.0" "--port" "8100"`
22 error Exit status 1
23 error Failed at the ionic-hello-world@ ionic:serve script 'ionic-app-scripts serve "--a" "--n" "--i" "--v" "--e" "--v2" "--livereload-port" "1024" "--nolivereload" "|-d" "--browseroption" "--lab" "--address" "0.0.0.0" "--port" "8100"'.
23 error Make sure you have the latest version of node.js and npm installed.
23 error If you do, this is most likely a problem with the ionic-hello-world package,
23 error not with npm itself.
23 error Tell the author that this fails on your system:
23 error     ionic-app-scripts serve "--a" "--n" "--i" "--v" "--e" "--v2" "--livereload-port" "1024" "--nolivereload" "|-d" "--browseroption" "--lab" "--address" "0.0.0.0" "--port" "8100"
23 error You can get information on how to open an issue for this project with:
23 error     npm bugs ionic-hello-world
23 error Or if that isn't available, you can get their info via:
23 error     npm owner ls ionic-hello-world
23 error There is likely additional logging output above.
24 verbose exit [ 1, true ]
